Fetching 1.0 year of R_25 M5 bars …
Fetching ≈105,120 M5 bars (1.0 yr) for R_25…
  Batch 1/22: 4900 bars  oldest=2026-05-09
  Batch 2/22: 4900 bars  oldest=2026-04-22
  Batch 3/22: 4900 bars  oldest=2026-04-05
  Batch 4/22: 4900 bars  oldest=2026-03-19
  Batch 5/22: 4900 bars  oldest=2026-03-02
  Batch 6/22: 4900 bars  oldest=2026-02-13
  Batch 7/22: 4900 bars  oldest=2026-01-27
  Batch 8/22: 4900 bars  oldest=2026-01-10
  Batch 9/22: 4900 bars  oldest=2025-12-24
  Batch 10/22: 4900 bars  oldest=2025-12-07
  Batch 11/22: 4900 bars  oldest=2025-11-20
  Batch 12/22: 4900 bars  oldest=2025-11-03
  Batch 13/22: 4900 bars  oldest=2025-10-17
  Batch 14/22: 4900 bars  oldest=2025-09-30
  Batch 15/22: 4897 bars  oldest=2025-09-13
  Reached history limit.
Total unique bars: 73,497  (2025-09-13 → 2026-05-26)

Got 73,497 bars.

  W1: 2025-09 to 2025-10: 14,049 bars
  W2: 2025-11 to 2025-12: 18,144 bars
  W3: 2026-01 to 2026-02: 17,568 bars
  W4: 2026-03 to 2026-04: 18,144 bars

==============================================================================================================
PHASE A — Pattern 9 (OC + ICT, M5 trigger): extended wide-SL configs
==============================================================================================================
Config           $R:R    BE%  W1: 2025-09 to  W2: 2025-11 to  W3: 2026-01 to  W4: 2026-03 to   Pos    Avg Exp
--------------------------------------------------------------------------------------------------------------
SL=500/TP=940    1.33  42.9%     29.4%/-0.31     25.5%/-0.41     26.3%/-0.39     23.2%/-0.46  0/4    -0.391R ✗
SL=500/TP=1330   1.88  34.7%     28.9%/-0.17     24.5%/-0.29     25.3%/-0.27     23.0%/-0.34  0/4    -0.268R ✗
SL=2000/TP=4000   2.00  33.3%     35.1%/+0.05     32.7%/-0.02     35.2%/+0.06     33.9%/+0.02  3/4    +0.027R ✓
SL=2500/TP=5000   2.00  33.3%     36.0%/+0.08     30.3%/-0.09     34.5%/+0.03     34.4%/+0.03  3/4    +0.014R  
SL=3000/TP=6000   2.00  33.3%     35.1%/+0.05     31.0%/-0.07     33.5%/+0.01     34.4%/+0.03  3/4    +0.005R  
SL=4000/TP=8000   2.00  33.3%     33.0%/-0.01     33.1%/-0.01     34.2%/+0.02     32.3%/-0.03  1/4    -0.006R ✗
SL=2000/TP=6000   3.00  25.0%     27.0%/+0.08     22.9%/-0.08     26.0%/+0.04     26.8%/+0.07  3/4    +0.027R ✓
SL=3000/TP=9000   3.00  25.0%     25.1%/+0.00     24.3%/-0.03     25.6%/+0.02     25.6%/+0.02  3/4    +0.006R  

==============================================================================================================
PHASE B — Pattern 9 session/hour breakdown for best config SL=2000/TP=6000
==============================================================================================================

By ICT session (ASIAN 22-09 UTC, LONDON 07-16, NY 13-22 — overlap allowed)
  Session     W1: 2025-09 to  W2: 2025-11 to  W3: 2026-01 to  W4: 2026-03 to   Pos    Avg Exp
  ------------------------------------------------------------------------------------------------------------
  ASIAN          33.0%/+0.32     21.2%/-0.15     24.0%/-0.04     26.4%/+0.06  2/4    +0.046R  
  LONDON         18.9%/-0.24     25.6%/+0.02     27.4%/+0.10     25.9%/+0.04  3/4    -0.022R ✗
  NY             29.4%/+0.18     21.9%/-0.12     26.7%/+0.07     27.9%/+0.12  3/4    +0.060R ✓

By UTC hour (showing only hours with >=8 trades in EVERY window)
  Hour   W1: 2025-09 to  W2: 2025-11 to  W3: 2026-01 to  W4: 2026-03 to   Pos    Avg Exp
  ------------------------------------------------------------------------------------------------------------
  07:00  n72 25.0%/+0.00  n85 21.2%/-0.15  n85 28.2%/+0.13  n86 20.9%/-0.16  2/4    -0.047R ✗
  09:00  n74 28.4%/+0.14  n90 23.3%/-0.07  n84 21.4%/-0.14  n93 29.0%/+0.16  2/4    +0.022R  
  10:00  n13 23.1%/-0.08  n15  0.0%/-1.00  n16 18.8%/-0.25  n20 30.0%/+0.20  1/4    -0.282R ✗
  13:00  n66 27.3%/+0.09  n91 25.3%/+0.01  n89 29.2%/+0.17  n92 30.4%/+0.22  4/4    +0.122R ✓
  14:00  n21 23.8%/-0.05  n 8 12.5%/-0.50  n12 16.7%/-0.33  n 8 12.5%/-0.50  0/4    -0.345R ✗
  16:00  n75 17.3%/-0.31  n86 24.4%/-0.02  n85 24.7%/-0.01  n92 21.7%/-0.13  0/4    -0.118R ✗
  17:00  n11  9.1%/-0.64  n18 16.7%/-0.33  n14 28.6%/+0.14  n13  7.7%/-0.69  1/4    -0.380R ✗
  22:00  n133 39.1%/+0.56  n173 18.5%/-0.26  n164 20.7%/-0.17  n166 31.9%/+0.28  2/4    +0.103R  
  23:00  n13 46.2%/+0.85  n24 29.2%/+0.17  n22 27.3%/+0.09  n28 21.4%/-0.14  3/4    +0.240R ✓

  → Hours with >=3/4 positive windows AND avg > 0.05R:
      13:00 UTC  (4/4 positive, avg +0.122R)
      23:00 UTC  (3/4 positive, avg +0.240R)

==============================================================================================================
PHASE C — All patterns × focused configs across 4 windows
==============================================================================================================
Pattern           Config           $R:R  W1: 2025-09   W2: 2025-11   W3: 2026-01   W4: 2026-03    Pos    Avg Exp
--------------------------------------------------------------------------------------------------------------
P1 SESS_BREAK     SL=500/TP=940    1.33     28%/-0.35     28%/-0.35     25%/-0.41     25%/-0.41  0/4    -0.380R ✗
P1 SESS_BREAK     SL=500/TP=3000   4.24     17%/-0.13     17%/-0.10     15%/-0.24     17%/-0.09  0/4    -0.138R ✗
P1 SESS_BREAK     SL=2000/TP=4000   2.00     27%/-0.20     32%/-0.04     30%/-0.09     33%/-0.02  0/4    -0.091R ✗
P1 SESS_BREAK     SL=3000/TP=6000   2.00     29%/-0.14     29%/-0.12     32%/-0.04     30%/-0.10  0/4    -0.097R ✗
--------------------------------------------------------------------------------------------------------------
P3 NY_REV         SL=500/TP=940    1.33     76%/-0.12     72%/-0.16     68%/-0.21     67%/-0.22  0/4    -0.176R ✗
P3 NY_REV         SL=500/TP=3000   4.24     55%/-0.14     57%/-0.13     54%/-0.19     57%/-0.15  0/4    -0.154R ✗
P3 NY_REV         SL=2000/TP=4000   2.00     53%/-0.17     56%/-0.15     53%/-0.13     62%/+0.04  1/4    -0.105R ✗
P3 NY_REV         SL=3000/TP=6000   2.00     57%/+0.03     57%/-0.01     45%/-0.22     62%/+0.32  2/4    +0.031R  
--------------------------------------------------------------------------------------------------------------
P4 ORB            SL=500/TP=940    1.33     86%/-0.05     87%/-0.03     89%/-0.01     90%/-0.02  0/4    -0.024R ✗
P4 ORB            SL=500/TP=3000   4.24     68%/-0.07     71%/-0.03     75%/+0.02     78%/+0.01  2/4    -0.016R ✗
P4 ORB            SL=2000/TP=4000   2.00     64%/-0.06     70%/+0.02     70%/+0.02     73%/+0.01  3/4    -0.002R ✗
P4 ORB            SL=3000/TP=6000   2.00     55%/-0.09     60%/-0.00     64%/+0.05     64%/-0.02  1/4    -0.014R ✗
--------------------------------------------------------------------------------------------------------------
P6 PREV_RUN       SL=500/TP=940    1.33     27%/-0.37     25%/-0.43     23%/-0.47     21%/-0.51  0/4    -0.444R ✗
P6 PREV_RUN       SL=500/TP=3000   4.24     21%/+0.10     17%/-0.11     15%/-0.22     15%/-0.19  1/4    -0.106R ✗
P6 PREV_RUN       SL=2000/TP=4000   2.00     27%/-0.19     28%/-0.16     34%/+0.02     30%/-0.09  1/4    -0.106R ✗
P6 PREV_RUN       SL=3000/TP=6000   2.00     32%/-0.05     30%/-0.10     31%/-0.07     33%/-0.02  0/4    -0.062R ✗
--------------------------------------------------------------------------------------------------------------
P7A OC_CANDLE     SL=500/TP=940    1.33     71%/-0.06     69%/-0.08     68%/-0.09     75%/-0.03  0/4    -0.066R ✗
P7A OC_CANDLE     SL=500/TP=3000   4.24     48%/-0.03     46%/-0.06     45%/-0.11     52%/-0.03  0/4    -0.058R ✗
P7A OC_CANDLE     SL=2000/TP=4000   2.00     43%/+0.01     40%/-0.04     41%/-0.06     45%/-0.03  1/4    -0.031R ✗
P7A OC_CANDLE     SL=3000/TP=6000   2.00     35%/+0.03     31%/-0.06     31%/-0.09     35%/-0.05  1/4    -0.043R ✗
--------------------------------------------------------------------------------------------------------------
P7B OC_FIXED      SL=500/TP=940    1.33     24%/-0.44     26%/-0.40     23%/-0.46     23%/-0.45  0/4    -0.438R ✗
P7B OC_FIXED      SL=500/TP=3000   4.24     17%/-0.12     17%/-0.13     17%/-0.10     17%/-0.13  0/4    -0.118R ✗
P7B OC_FIXED      SL=2000/TP=4000   2.00     32%/-0.03     32%/-0.03     31%/-0.06     33%/-0.02  0/4    -0.034R ✗
P7B OC_FIXED      SL=3000/TP=6000   2.00     35%/+0.05     32%/-0.05     31%/-0.07     31%/-0.07  1/4    -0.034R ✗
--------------------------------------------------------------------------------------------------------------
P7C OC_TIGHT      SL=500/TP=940    1.33     24%/-0.44     26%/-0.40     23%/-0.46     23%/-0.45  0/4    -0.438R ✗
P7C OC_TIGHT      SL=500/TP=3000   4.24     17%/-0.12     17%/-0.13     17%/-0.10     17%/-0.13  0/4    -0.118R ✗
P7C OC_TIGHT      SL=2000/TP=4000   2.00     32%/-0.02     31%/-0.04     30%/-0.07     32%/-0.01  0/4    -0.034R ✗
P7C OC_TIGHT      SL=3000/TP=6000   2.00     32%/+0.05     29%/-0.04     27%/-0.08     30%/-0.05  1/4    -0.029R ✗
--------------------------------------------------------------------------------------------------------------
P9 OC_ICT_M5      SL=500/TP=940    1.33     29%/-0.31     26%/-0.41     26%/-0.39     23%/-0.46  0/4    -0.391R ✗
P9 OC_ICT_M5      SL=500/TP=3000   4.24     21%/+0.08     17%/-0.12     20%/+0.03     18%/-0.07  2/4    -0.022R ✗
P9 OC_ICT_M5      SL=2000/TP=4000   2.00     35%/+0.05     33%/-0.02     35%/+0.06     34%/+0.02  3/4    +0.027R ✓
P9 OC_ICT_M5      SL=3000/TP=6000   2.00     35%/+0.05     31%/-0.07     34%/+0.01     34%/+0.03  3/4    +0.005R  
--------------------------------------------------------------------------------------------------------------
P10 OC_ICT_H1     SL=500/TP=940    1.33     28%/-0.35     24%/-0.44     29%/-0.33     23%/-0.47  0/4    -0.398R ✗
P10 OC_ICT_H1     SL=500/TP=3000   4.24     18%/-0.05     16%/-0.16     20%/+0.05     17%/-0.10  1/4    -0.064R ✗
P10 OC_ICT_H1     SL=2000/TP=4000   2.00     33%/-0.02     31%/-0.07     32%/-0.03     31%/-0.06  0/4    -0.045R ✗
P10 OC_ICT_H1     SL=3000/TP=6000   2.00     31%/-0.07     32%/-0.04     32%/-0.05     31%/-0.08  0/4    -0.058R ✗
--------------------------------------------------------------------------------------------------------------

==============================================================================================================
SURVIVORS (>= 3/4 positive windows AND avg exp > 0.02R)
==============================================================================================================
  P9 OC_ICT_M5      SL=2000/TP=4000  $R:R=2.00  3/4 positive  avg=+0.027R

