C:\Users\User\Desktop\v75-dashboard\MT5_Files\stress_windows.py:90: DeprecationWarning: datetime.datetime.utcfromtimestamp() is deprecated and scheduled for removal in a future version. Use timezone-aware objects to represent datetimes in UTC: datetime.datetime.fromtimestamp(timestamp, datetime.UTC).
  print(f"  Range: {datetime.utcfromtimestamp(bars[0]['epoch']):%Y-%m-%d} "
C:\Users\User\Desktop\v75-dashboard\MT5_Files\stress_windows.py:91: DeprecationWarning: datetime.datetime.utcfromtimestamp() is deprecated and scheduled for removal in a future version. Use timezone-aware objects to represent datetimes in UTC: datetime.datetime.fromtimestamp(timestamp, datetime.UTC).
  f"\u2192 {datetime.utcfromtimestamp(bars[-1]['epoch']):%Y-%m-%d}\n")
Fetching 1.0 year(s) of R_25 M5 bars …
Fetching ≈105,120 M5 bars (1.0 yr) for R_25…
  Batch 1/22: 4900 bars  oldest=2026-05-09
  Batch 2/22: 4900 bars  oldest=2026-04-22
  Batch 3/22: 4900 bars  oldest=2026-04-05
  Batch 4/22: 4900 bars  oldest=2026-03-19
  Batch 5/22: 4900 bars  oldest=2026-03-02
  Batch 6/22: 4900 bars  oldest=2026-02-13
  Batch 7/22: 4900 bars  oldest=2026-01-27
  Batch 8/22: 4900 bars  oldest=2026-01-10
  Batch 9/22: 4900 bars  oldest=2025-12-24
  Batch 10/22: 4900 bars  oldest=2025-12-07
  Batch 11/22: 4900 bars  oldest=2025-11-20
  Batch 12/22: 4900 bars  oldest=2025-11-03
  Batch 13/22: 4900 bars  oldest=2025-10-17
  Batch 14/22: 4900 bars  oldest=2025-09-30
  Batch 15/22: 4897 bars  oldest=2025-09-13
  Reached history limit.
Total unique bars: 73,497  (2025-09-13 → 2026-05-26)

Got 73,497 bars.
  Range: 2025-09-13 → 2026-05-26

  W1: 2025-09-13 to 2025-10-31: 14,053 bars (incl 2-day warmup)
  W2: 2025-11-01 to 2025-12-31: 18,144 bars (incl 2-day warmup)
  W3: 2026-01-01 to 2026-02-28: 17,568 bars (incl 2-day warmup)
  W4: 2026-03-01 to 2026-04-30: 18,144 bars (incl 2-day warmup)

====================================================================================================
PATTERN 9 — per-window detail
====================================================================================================
Window                            Config           $R:R      N     WR%   AvgRw      Exp R      Net R
----------------------------------------------------------------------------------------------------
W1: 2025-09-13 to 2025-10-31      SL=500/TP=940    1.33    544   29.4%   1.33R   -0.315R ✗   -171.27R
W1: 2025-09-13 to 2025-10-31      SL=500/TP=1330   1.88    544   28.9%   1.88R   -0.168R ✗    -91.65R
W1: 2025-09-13 to 2025-10-31      SL=500/TP=2000   2.83    544   26.5%   2.83R   +0.014R       +7.36R
W1: 2025-09-13 to 2025-10-31      SL=500/TP=3000   4.24    544   20.6%   4.24R   +0.079R ✓    +43.25R
W1: 2025-09-13 to 2025-10-31      SL=2000/TP=4000   2.00    544   35.1%   2.00R   +0.053R ✓    +29.00R
W1: 2025-09-13 to 2025-10-31      SL=1500/TP=3000   2.00    544   33.8%   2.00R   +0.015R       +8.00R
----------------------------------------------------------------------------------------------------
W2: 2025-11-01 to 2025-12-31      SL=500/TP=940    1.33    686   25.5%   1.33R   -0.406R ✗   -278.33R
W2: 2025-11-01 to 2025-12-31      SL=500/TP=1330   1.88    686   24.5%   1.88R   -0.294R ✗   -201.96R
W2: 2025-11-01 to 2025-12-31      SL=500/TP=2000   2.83    686   21.4%   2.83R   -0.180R ✗   -123.16R
W2: 2025-11-01 to 2025-12-31      SL=500/TP=3000   4.24    686   16.8%   4.24R   -0.121R ✗    -83.02R
W2: 2025-11-01 to 2025-12-31      SL=2000/TP=4000   2.00    686   32.7%   2.00R   -0.020R ✗    -14.00R
W2: 2025-11-01 to 2025-12-31      SL=1500/TP=3000   2.00    686   30.8%   2.00R   -0.077R ✗    -53.00R
----------------------------------------------------------------------------------------------------
W3: 2026-01-01 to 2026-02-28      SL=500/TP=940    1.33    653   26.3%   1.33R   -0.386R ✗   -252.32R
W3: 2026-01-01 to 2026-02-28      SL=500/TP=1330   1.88    653   25.3%   1.88R   -0.272R ✗   -177.60R
W3: 2026-01-01 to 2026-02-28      SL=500/TP=2000   2.83    653   23.1%   2.83R   -0.115R ✗    -74.84R
W3: 2026-01-01 to 2026-02-28      SL=500/TP=3000   4.24    653   19.6%   4.24R   +0.028R      +18.14R
W3: 2026-01-01 to 2026-02-28      SL=2000/TP=4000   2.00    653   35.2%   2.00R   +0.057R ✓    +37.00R
W3: 2026-01-01 to 2026-02-28      SL=1500/TP=3000   2.00    653   34.2%   2.00R   +0.025R      +16.00R
----------------------------------------------------------------------------------------------------
W4: 2026-03-01 to 2026-04-30      SL=500/TP=940    1.33    684   23.2%   1.33R   -0.458R ✗   -313.60R
W4: 2026-03-01 to 2026-04-30      SL=500/TP=1330   1.88    684   23.0%   1.88R   -0.339R ✗   -231.65R
W4: 2026-03-01 to 2026-04-30      SL=500/TP=2000   2.83    684   21.2%   2.83R   -0.188R ✗   -128.82R
W4: 2026-03-01 to 2026-04-30      SL=500/TP=3000   4.24    684   17.7%   4.24R   -0.072R ✗    -49.56R
W4: 2026-03-01 to 2026-04-30      SL=2000/TP=4000   2.00    684   33.9%   2.00R   +0.018R      +12.00R
W4: 2026-03-01 to 2026-04-30      SL=1500/TP=3000   2.00    684   32.5%   2.00R   -0.026R ✗    -18.00R
----------------------------------------------------------------------------------------------------

====================================================================================================
STABILITY SUMMARY  (positive windows / total)
====================================================================================================
Config           $R:R   BE WR%   Pos wins    Avg Exp    Min Exp    Max Exp  Stability
----------------------------------------------------------------------------------------------------
SL=500/TP=940    1.33    42.9%     0/4      -0.391R   -0.458R   -0.315R  WEAK
SL=500/TP=1330   1.88    34.7%     0/4      -0.268R   -0.339R   -0.168R  WEAK
SL=500/TP=2000   2.83    26.1%     1/4      -0.117R   -0.188R   +0.014R  WEAK
SL=500/TP=3000   4.24    19.1%     2/4      -0.022R   -0.121R   +0.079R  WEAK
SL=2000/TP=4000   2.00    33.3%     3/4      +0.027R   -0.020R   +0.057R  MIXED
SL=1500/TP=3000   2.00    33.3%     2/4      -0.016R   -0.077R   +0.025R  WEAK

