Fetching 1.0 year(s) of R_25 M5 bars …
Fetching ≈105,120 M5 bars (1.0 yr) for R_25…
  Batch 1/22: 4900 bars  oldest=2026-05-06
  Batch 2/22: 4900 bars  oldest=2026-04-19
  Batch 3/22: 4900 bars  oldest=2026-04-02
  Batch 4/22: 4900 bars  oldest=2026-03-16
  Batch 5/22: 4900 bars  oldest=2026-02-27
  Batch 6/22: 4900 bars  oldest=2026-02-10
  Batch 7/22: 4900 bars  oldest=2026-01-24
  Batch 8/22: 4900 bars  oldest=2026-01-07
  Batch 9/22: 4900 bars  oldest=2025-12-21
  Batch 10/22: 4900 bars  oldest=2025-12-04
  Batch 11/22: 4900 bars  oldest=2025-11-17
  Batch 12/22: 4900 bars  oldest=2025-10-31
  Batch 13/22: 4900 bars  oldest=2025-10-14
  Batch 14/22: 4900 bars  oldest=2025-09-27
  Batch 15/22: 4897 bars  oldest=2025-09-10
  Reached history limit.
Total unique bars: 73,497  (2025-09-10 → 2026-05-23)

Got 73,497 bars.

 raw_sl  raw_tp  eff_sl  eff_tp  trades    WR%  avg_Rw     exp_R     net_R
--------------------------------------------------------------------------------
    500     940     707     803    2848  31.1%   1.14R  -0.336R ✗  -957.83R
    500    1500     707    1363    2848  30.0%   1.93R  -0.123R ✗  -350.53R
    500    2000     707    1863    2848  27.9%   2.64R  +0.015R     +41.89R
    500    3000     707    2863    2848  22.1%   4.05R  +0.117R ✓  +333.19R
    800    1600     800    1463    2848  33.2%   1.83R  -0.060R ✗  -172.00R
   1000    2000    1000    1863    2848  35.8%   1.86R  +0.026R     +75.12R
   1500    3000    1500    2863    2848  36.0%   1.91R  +0.046R    +130.47R
   2000    4000    2000    3863    2848  36.4%   1.93R  +0.067R ✓  +191.97R
    300     940     707     803    2848  31.1%   1.14R  -0.336R ✗  -957.83R
    300    1500     707    1363    2848  30.0%   1.93R  -0.123R ✗  -350.53R
