Fetching 1.0 year of R_25 M5 bars …
Fetching ≈105,120 M5 bars (1.0 yr) for R_25…
  Batch 1/22: 4900 bars  oldest=2026-05-09
  Batch 2/22: 4900 bars  oldest=2026-04-22
  Batch 3/22: 4900 bars  oldest=2026-04-05
  Batch 4/22: 4900 bars  oldest=2026-03-19
  Batch 5/22: 4900 bars  oldest=2026-03-02
  Batch 6/22: 4900 bars  oldest=2026-02-13
  Batch 7/22: 4900 bars  oldest=2026-01-27
  Batch 8/22: 4900 bars  oldest=2026-01-10
  Batch 9/22: 4900 bars  oldest=2025-12-24
  Batch 10/22: 4900 bars  oldest=2025-12-07
  Batch 11/22: 4900 bars  oldest=2025-11-20
  Batch 12/22: 4900 bars  oldest=2025-11-03
  Batch 13/22: 4900 bars  oldest=2025-10-17
  Batch 14/22: 4900 bars  oldest=2025-09-30
  Batch 15/22: 4897 bars  oldest=2025-09-13
  Reached history limit.
Total unique bars: 73,497  (2025-09-13 → 2026-05-26)

Got 73,497 bars.

Pre-scanning Pattern 9 with SL=2000/TP=6000 per window …
  W1: 2025-09 to 2025-10: 544 completed trades (unfiltered)
  W2: 2025-11 to 2025-12: 686 completed trades (unfiltered)
  W3: 2026-01 to 2026-02: 653 completed trades (unfiltered)
  W4: 2026-03 to 2026-04: 684 completed trades (unfiltered)

==============================================================================================================
CHECK 1+2 — Hour-filter sweep on Pattern 9 (SL=2000, TP=6000, $R:R=3.0)
==============================================================================================================
Filter                    N/win  W1: 2025-09 t  W2: 2025-11 t  W3: 2026-01 t  W4: 2026-03 t   Pos   Avg Exp   Avg Net
------------------------------------------------------------------------------------------------------------------------
13:00 only (baseline)        84      27%/+0.09      25%/+0.01      29%/+0.17      30%/+0.22  4/4   +0.122R   +10.50R ✓✓
23:00 only                   22      46%/+0.85      29%/+0.17      27%/+0.09      21%/-0.14  3/4   +0.240R    +3.25R ✓
13 + 23                     106      30%/+0.22      26%/+0.04      29%/+0.15      28%/+0.13  4/4   +0.136R   +13.75R ✓✓
12-13                        87      26%/+0.03      26%/+0.03      29%/+0.16      32%/+0.26  4/4   +0.120R   +11.00R ✓✓
13-14                        97      26%/+0.06      24%/-0.03      28%/+0.11      29%/+0.16  3/4   +0.074R    +7.25R ✓
12-14                        99      25%/+0.01      25%/-0.01      27%/+0.10      30%/+0.20  3/4   +0.076R    +7.75R ✓
11-15                       115      26%/+0.04      28%/+0.10      28%/+0.11      29%/+0.17  4/4   +0.104R   +12.25R ✓✓
NY session 13-21            222      22%/-0.12      24%/-0.04      26%/+0.04      25%/+0.01  2/4   -0.028R    -5.50R ✗
No filter (all hours)       642      27%/+0.08      23%/-0.08      26%/+0.04      27%/+0.07  3/4   +0.027R   +15.25R ✓

Filter ranking (best → worst):
  13 + 23                   4/4 pos  avg exp +0.136R  avg net +13.75R/win  ~106 trades/2mo
  13:00 only (baseline)     4/4 pos  avg exp +0.122R  avg net +10.50R/win  ~84 trades/2mo
  12-13                     4/4 pos  avg exp +0.120R  avg net +11.00R/win  ~87 trades/2mo
  11-15                     4/4 pos  avg exp +0.104R  avg net +12.25R/win  ~115 trades/2mo
  23:00 only                3/4 pos  avg exp +0.240R  avg net +3.25R/win  ~22 trades/2mo

==============================================================================================================
CHECK 3 — Drawdown profile per window for top filters
==============================================================================================================

▶ Filter: 13 + 23
  Window                         N    WR%    Net R   MaxDD R  LossStreak  WinStreak
  ----------------------------------------------------------------------------------------
  W1: 2025-09 to 2025-10        79  30.4%  +17.00R    12.00R          12          4
  W2: 2025-11 to 2025-12       115  26.1%   +5.00R    31.00R          16          4
  W3: 2026-01 to 2026-02       111  28.8%  +17.00R    15.00R          12          5
  W4: 2026-03 to 2026-04       120  28.3%  +16.00R    18.00R           9          5
  COMBINED (8 mo)              425  28.2%  +55.00R    36.00R          16          5
    $-frame ($100 acct, 0.5 lot, 1R=2000t = $1.00):
      Net P/L:    $+55.00  (+55% of $100)
      Max DD:     $36.00     (36% of $100)
      Trade rate: 53.1 trades/month  (~319/year)

▶ Filter: 13:00 only (baseline)
  Window                         N    WR%    Net R   MaxDD R  LossStreak  WinStreak
  ----------------------------------------------------------------------------------------
  W1: 2025-09 to 2025-10        66  27.3%   +6.00R    12.00R          12          2
  W2: 2025-11 to 2025-12        91  25.3%   +1.00R    25.00R          12          3
  W3: 2026-01 to 2026-02        89  29.2%  +15.00R    12.00R          10          3
  W4: 2026-03 to 2026-04        92  30.4%  +20.00R    15.00R           9          5
  COMBINED (8 mo)              338  28.1%  +42.00R    26.00R          12          5
    $-frame ($100 acct, 0.5 lot, 1R=2000t = $1.00):
      Net P/L:    $+42.00  (+42% of $100)
      Max DD:     $26.00     (26% of $100)
      Trade rate: 42.2 trades/month  (~254/year)

▶ Filter: 12-13
  Window                         N    WR%    Net R   MaxDD R  LossStreak  WinStreak
  ----------------------------------------------------------------------------------------
  W1: 2025-09 to 2025-10        70  25.7%   +2.00R    13.00R          13          2
  W2: 2025-11 to 2025-12        93  25.8%   +3.00R    23.00R          12          3
  W3: 2026-01 to 2026-02        90  28.9%  +14.00R    12.00R          10          3
  W4: 2026-03 to 2026-04        95  31.6%  +25.00R    12.00R           9          6
  COMBINED (8 mo)              348  28.2%  +44.00R    25.00R          13          6
    $-frame ($100 acct, 0.5 lot, 1R=2000t = $1.00):
      Net P/L:    $+44.00  (+44% of $100)
      Max DD:     $25.00     (25% of $100)
      Trade rate: 43.5 trades/month  (~261/year)

